Base path: C:/Program Files/Unity/Editor/Data
Cmd: initializeCompiler
Cmd: disassembleShader
  api=4 insize=826 outsize=1734 ok=1
Cmd: compileSnippet
  api=1 type=1 insize=629 outsize=404 kw=ETC1_EXTERNAL_ALPHA pd=UNITY_ENABLE_REFLECTION_BUFFERS UNITY_USE_DITHER_MASK_FOR_ALPHABLENDED_SHADOWS UNITY_PBS_USE_BRDF1 UNITY_SPECCUBE_BOX_PROJECTION UNITY_SPECCUBE_BLENDING UNITY_ENABLE_DETAIL_NORMALMAP SHADER_API_DESKTOP UNITY_COLORSPACE_GAMMA ok=1
Cmd: disassembleShader
  api=1 insize=404 outsize=682 ok=1
Cmd: disassembleShader
  api=4 insize=690 outsize=1441 ok=1
Cmd: disassembleShader
  api=4 insize=298 outsize=868 ok=1
Cmd: disassembleShader
  api=1 insize=548 outsize=910 ok=1
Cmd: disassembleShader
  api=1 insize=236 outsize=431 ok=1
Cmd: disassembleShader
  api=1 insize=772 outsize=1246 ok=1
Cmd: disassembleShader
  api=4 insize=574 outsize=1333 ok=1
